{"name": "Проверка увеличения счётчика 'Выполнено за всё время' при создании нового заказа", "status": "broken", "statusDetails": {"message": "selenium.common.exceptions.ElementClickInterceptedException: Message: element click intercepted: Element <button type=\"button\" class=\"Modal_modal__close_modified__3V5XS Modal_modal__close__TnseK\">...</button> is not clickable at point (1202, 192). Other element would receive the click: <div class=\"Modal_modal_overlay__x2ZCr\"></div>\n  (Session info: chrome=126.0.6478.183)\nStacktrace:\n0   chromedriver                        0x0000000105717078 chromedriver + 5169272\n1   chromedriver                        0x000000010570ef4a chromedriver + 5136202\n2   chromedriver                        0x000000010528b36c chromedriver + 402284\n3   chromedriver                        0x00000001052df6b6 chromedriver + 747190\n4   chromedriver                        0x00000001052dd4e8 chromedriver + 738536\n5   chromedriver                        0x00000001052daef7 chromedriver + 728823\n6   chromedriver                        0x00000001052d9d12 chromedriver + 724242\n7   chromedriver                        0x00000001052cd562 chromedriver + 673122\n8   chromedriver                        0x00000001052fbab2 chromedriver + 862898\n9   chromedriver                        0x00000001052cced8 chromedriver + 671448\n10  chromedriver                        0x00000001052fbc6e chromedriver + 863342\n11  chromedriver                        0x000000010531af57 chromedriver + 991063\n12  chromedriver                        0x00000001052fb853 chromedriver + 862291\n13  chromedriver                        0x00000001052cb5c6 chromedriver + 665030\n14  chromedriver                        0x00000001052cbe4e chromedriver + 667214\n15  chromedriver                        0x00000001056d9c90 chromedriver + 4918416\n16  chromedriver                        0x00000001056dec8d chromedriver + 4938893\n17  chromedriver                        0x00000001056df365 chromedriver + 4940645\n18  chromedriver                        0x00000001056bad74 chromedriver + 4791668\n19  chromedriver                        0x00000001056df659 chromedriver + 4941401\n20  chromedriver                        0x00000001056ac544 chromedriver + 4732228\n21  chromedriver                        0x00000001056ff828 chromedriver + 5072936\n22  chromedriver                        0x00000001056ff9e7 chromedriver + 5073383\n23  chromedriver                        0x000000010570eafe chromedriver + 5135102\n24  libsystem_pthread.dylib             0x00007ff81337118b _pthread_start + 99\n25  libsystem_pthread.dylib             0x00007ff81336cae3 thread_start + 15", "trace": "self = <tests.test_order_feed.TestSectionOrderFeed object at 0x1095148c0>, user = {'email': 'devwilsonrobert@example.net', 'password': 'Bf0OioqP+*'}, logged = None\nheader = <pages.header.Header object at 0x1095ff530>, index_page = <pages.index_page.IndexPage object at 0x1095ff350>\norder_feed_page = <pages.orders_feed_page.OrdersFeedPage object at 0x1095fcc20>\n\n    @allure.title(\"Проверка увеличения счётчика 'Выполнено за всё время' при создании нового заказа\")\n    def test_increases_completed_for_all_time_counter(self, user, logged, header, index_page,\n                                                                           order_feed_page):\n        header.click_by_link_orders_feed()\n        counter_before = order_feed_page.get_count_completed_orders_for_all_time()\n        header.click_by_link_constructor()\n>       create_order(index_page)\n\ntests/test_order_feed.py:40: \n_ _ _ _ _ _ _ _ _ _ _ _ _ _ _ _ _ _ _ _ _ _ _ _ _ _ _ _ _ _ _ _ _ _ _ _ _ _ _ _ _ _ _ _ _ _ _ _ _ _ _ _ _ _ _ _ _ _ _ _ _ _ _ _ _ _ _ _ _ _ _ _ _ _ _ _ _ _ _ _ _ _ _ _\nhelpers.py:5: in create_order\n    index_page.click_cross_button_in_popup_window()\npages/index_page.py:24: in click_cross_button_in_popup_window\n    self.click_by_element(IndexPageLocators.BUTTON_CROSS_IN_POPUP_WINDOW)\npages/base_page.py:27: in click_by_element\n    WDWait(self.web_drv, timeout).until(ec.element_to_be_clickable(locator)).click()\n/Library/Frameworks/Python.framework/Versions/3.12/lib/python3.12/site-packages/selenium/webdriver/remote/webelement.py:94: in click\n    self._execute(Command.CLICK_ELEMENT)\n/Library/Frameworks/Python.framework/Versions/3.12/lib/python3.12/site-packages/selenium/webdriver/remote/webelement.py:395: in _execute\n    return self._parent.execute(command, params)\n/Library/Frameworks/Python.framework/Versions/3.12/lib/python3.12/site-packages/selenium/webdriver/remote/webdriver.py:347: in execute\n    self.error_handler.check_response(response)\n_ _ _ _ _ _ _ _ _ _ _ _ _ _ _ _ _ _ _ _ _ _ _ _ _ _ _ _ _ _ _ _ _ _ _ _ _ _ _ _ _ _ _ _ _ _ _ _ _ _ _ _ _ _ _ _ _ _ _ _ _ _ _ _ _ _ _ _ _ _ _ _ _ _ _ _ _ _ _ _ _ _ _ _\n\nself = <selenium.webdriver.remote.errorhandler.ErrorHandler object at 0x1095fd100>\nresponse = {'status': 400, 'value': '{\"value\":{\"error\":\"element click intercepted\",\"message\":\"element click intercepted: Element ...7ff81337118b _pthread_start + 99\\\\n25  libsystem_pthread.dylib             0x00007ff81336cae3 thread_start + 15\\\\n\"}}'}\n\n    def check_response(self, response: Dict[str, Any]) -> None:\n        \"\"\"Checks that a JSON response from the WebDriver does not have an\n        error.\n    \n        :Args:\n         - response - The JSON response from the WebDriver server as a dictionary\n           object.\n    \n        :Raises: If the response contains an error message.\n        \"\"\"\n        status = response.get(\"status\", None)\n        if not status or status == ErrorCode.SUCCESS:\n            return\n        value = None\n        message = response.get(\"message\", \"\")\n        screen: str = response.get(\"screen\", \"\")\n        stacktrace = None\n        if isinstance(status, int):\n            value_json = response.get(\"value\", None)\n            if value_json and isinstance(value_json, str):\n                import json\n    \n                try:\n                    value = json.loads(value_json)\n                    if len(value) == 1:\n                        value = value[\"value\"]\n                    status = value.get(\"error\", None)\n                    if not status:\n                        status = value.get(\"status\", ErrorCode.UNKNOWN_ERROR)\n                        message = value.get(\"value\") or value.get(\"message\")\n                        if not isinstance(message, str):\n                            value = message\n                            message = message.get(\"message\")\n                    else:\n                        message = value.get(\"message\", None)\n                except ValueError:\n                    pass\n    \n        exception_class: Type[WebDriverException]\n        e = ErrorCode()\n        error_codes = [item for item in dir(e) if not item.startswith(\"__\")]\n        for error_code in error_codes:\n            error_info = getattr(ErrorCode, error_code)\n            if isinstance(error_info, list) and status in error_info:\n                exception_class = getattr(ExceptionMapping, error_code, WebDriverException)\n                break\n        else:\n            exception_class = WebDriverException\n    \n        if not value:\n            value = response[\"value\"]\n        if isinstance(value, str):\n            raise exception_class(value)\n        if message == \"\" and \"message\" in value:\n            message = value[\"message\"]\n    \n        screen = None  # type: ignore[assignment]\n        if \"screen\" in value:\n            screen = value[\"screen\"]\n    \n        stacktrace = None\n        st_value = value.get(\"stackTrace\") or value.get(\"stacktrace\")\n        if st_value:\n            if isinstance(st_value, str):\n                stacktrace = st_value.split(\"\\n\")\n            else:\n                stacktrace = []\n                try:\n                    for frame in st_value:\n                        line = frame.get(\"lineNumber\", \"\")\n                        file = frame.get(\"fileName\", \"<anonymous>\")\n                        if line:\n                            file = f\"{file}:{line}\"\n                        meth = frame.get(\"methodName\", \"<anonymous>\")\n                        if \"className\" in frame:\n                            meth = f\"{frame['className']}.{meth}\"\n                        msg = \"    at %s (%s)\"\n                        msg = msg % (meth, file)\n                        stacktrace.append(msg)\n                except TypeError:\n                    pass\n        if exception_class == UnexpectedAlertPresentException:\n            alert_text = None\n            if \"data\" in value:\n                alert_text = value[\"data\"].get(\"text\")\n            elif \"alert\" in value:\n                alert_text = value[\"alert\"].get(\"text\")\n            raise exception_class(message, screen, stacktrace, alert_text)  # type: ignore[call-arg]  # mypy is not smart enough here\n>       raise exception_class(message, screen, stacktrace)\nE       selenium.common.exceptions.ElementClickInterceptedException: Message: element click intercepted: Element <button type=\"button\" class=\"Modal_modal__close_modified__3V5XS Modal_modal__close__TnseK\">...</button> is not clickable at point (1202, 192). Other element would receive the click: <div class=\"Modal_modal_overlay__x2ZCr\"></div>\nE         (Session info: chrome=126.0.6478.183)\nE       Stacktrace:\nE       0   chromedriver                        0x0000000105717078 chromedriver + 5169272\nE       1   chromedriver                        0x000000010570ef4a chromedriver + 5136202\nE       2   chromedriver                        0x000000010528b36c chromedriver + 402284\nE       3   chromedriver                        0x00000001052df6b6 chromedriver + 747190\nE       4   chromedriver                        0x00000001052dd4e8 chromedriver + 738536\nE       5   chromedriver                        0x00000001052daef7 chromedriver + 728823\nE       6   chromedriver                        0x00000001052d9d12 chromedriver + 724242\nE       7   chromedriver                        0x00000001052cd562 chromedriver + 673122\nE       8   chromedriver                        0x00000001052fbab2 chromedriver + 862898\nE       9   chromedriver                        0x00000001052cced8 chromedriver + 671448\nE       10  chromedriver                        0x00000001052fbc6e chromedriver + 863342\nE       11  chromedriver                        0x000000010531af57 chromedriver + 991063\nE       12  chromedriver                        0x00000001052fb853 chromedriver + 862291\nE       13  chromedriver                        0x00000001052cb5c6 chromedriver + 665030\nE       14  chromedriver                        0x00000001052cbe4e chromedriver + 667214\nE       15  chromedriver                        0x00000001056d9c90 chromedriver + 4918416\nE       16  chromedriver                        0x00000001056dec8d chromedriver + 4938893\nE       17  chromedriver                        0x00000001056df365 chromedriver + 4940645\nE       18  chromedriver                        0x00000001056bad74 chromedriver + 4791668\nE       19  chromedriver                        0x00000001056df659 chromedriver + 4941401\nE       20  chromedriver                        0x00000001056ac544 chromedriver + 4732228\nE       21  chromedriver                        0x00000001056ff828 chromedriver + 5072936\nE       22  chromedriver                        0x00000001056ff9e7 chromedriver + 5073383\nE       23  chromedriver                        0x000000010570eafe chromedriver + 5135102\nE       24  libsystem_pthread.dylib             0x00007ff81337118b _pthread_start + 99\nE       25  libsystem_pthread.dylib             0x00007ff81336cae3 thread_start + 15\n\n/Library/Frameworks/Python.framework/Versions/3.12/lib/python3.12/site-packages/selenium/webdriver/remote/errorhandler.py:229: ElementClickInterceptedException"}, "steps": [{"name": "Клик на ссылку 'Лента Заказов' в шапке сайта", "status": "passed", "start": 1721428750356, "stop": 1721428750688}, {"name": "Получаем количество выполненных заказов за все время", "status": "passed", "start": 1721428750688, "stop": 1721428751236}, {"name": "Клик на ссылку 'Конструктор' в шапке сайта", "status": "passed", "start": 1721428751236, "stop": 1721428751309}, {"name": "Добавляем ингредиент в заказ", "status": "passed", "parameters": [{"name": "index", "value": "1"}], "start": 1721428751309, "stop": 1721428751448}, {"name": "Добавляем ингредиент в заказ", "status": "passed", "parameters": [{"name": "index", "value": "4"}], "start": 1721428751448, "stop": 1721428751614}, {"name": "Клик на кнопку 'Оформить заказ'", "status": "passed", "start": 1721428751614, "stop": 1721428751680}, {"name": "Клик на крестик во всплывающем окне", "status": "broken", "statusDetails": {"message": "selenium.common.exceptions.ElementClickInterceptedException: Message: element click intercepted: Element <button type=\"button\" class=\"Modal_modal__close_modified__3V5XS Modal_modal__close__TnseK\">...</button> is not clickable at point (1202, 192). Other element would receive the click: <div class=\"Modal_modal_overlay__x2ZCr\"></div>\n  (Session info: chrome=126.0.6478.183)\nStacktrace:\n0   chromedriver                        0x0000000105717078 chromedriver + 5169272\n1   chromedriver                        0x000000010570ef4a chromedriver + 5136202\n2   chromedriver                        0x000000010528b36c chromedriver + 402284\n3   chromedriver                        0x00000001052df6b6 chromedriver + 747190\n4   chromedriver                        0x00000001052dd4e8 chromedriver + 738536\n5   chromedriver                        0x00000001052daef7 chromedriver + 728823\n6   chromedriver                        0x00000001052d9d12 chromedriver + 724242\n7   chromedriver                        0x00000001052cd562 chromedriver + 673122\n8   chromedriver                        0x00000001052fbab2 chromedriver + 862898\n9   chromedriver                        0x00000001052cced8 chromedriver + 671448\n10  chromedriver                        0x00000001052fbc6e chromedriver + 863342\n11  chromedriver                        0x000000010531af57 chromedriver + 991063\n12  chromedriver                        0x00000001052fb853 chromedriver + 862291\n13  chromedriver                        0x00000001052cb5c6 chromedriver + 665030\n14  chromedriver                        0x00000001052cbe4e chromedriver + 667214\n15  chromedriver                        0x00000001056d9c90 chromedriver + 4918416\n16  chromedriver                        0x00000001056dec8d chromedriver + 4938893\n17  chromedriver                        0x00000001056df365 chromedriver + 4940645\n18  chromedriver                        0x00000001056bad74 chromedriver + 4791668\n19  chromedriver                        0x00000001056df659 chromedriver + 4941401\n20  chromedriver                        0x00000001056ac544 chromedriver + 4732228\n21  chromedriver                        0x00000001056ff828 chromedriver + 5072936\n22  chromedriver                        0x00000001056ff9e7 chromedriver + 5073383\n23  chromedriver                        0x000000010570eafe chromedriver + 5135102\n24  libsystem_pthread.dylib             0x00007ff81337118b _pthread_start + 99\n25  libsystem_pthread.dylib             0x00007ff81336cae3 thread_start + 15\n\n", "trace": "  File \"/Library/Frameworks/Python.framework/Versions/3.12/lib/python3.12/site-packages/allure_commons/_allure.py\", line 192, in impl\n    return func(*a, **kw)\n           ^^^^^^^^^^^^^^\n  File \"/Users/dunaeva.ev/Desktop/Diplom/Diplom_3/pages/index_page.py\", line 24, in click_cross_button_in_popup_window\n    self.click_by_element(IndexPageLocators.BUTTON_CROSS_IN_POPUP_WINDOW)\n  File \"/Users/dunaeva.ev/Desktop/Diplom/Diplom_3/pages/base_page.py\", line 27, in click_by_element\n    WDWait(self.web_drv, timeout).until(ec.element_to_be_clickable(locator)).click()\n  File \"/Library/Frameworks/Python.framework/Versions/3.12/lib/python3.12/site-packages/selenium/webdriver/remote/webelement.py\", line 94, in click\n    self._execute(Command.CLICK_ELEMENT)\n  File \"/Library/Frameworks/Python.framework/Versions/3.12/lib/python3.12/site-packages/selenium/webdriver/remote/webelement.py\", line 395, in _execute\n    return self._parent.execute(command, params)\n           ^^^^^^^^^^^^^^^^^^^^^^^^^^^^^^^^^^^^^\n  File \"/Library/Frameworks/Python.framework/Versions/3.12/lib/python3.12/site-packages/selenium/webdriver/remote/webdriver.py\", line 347, in execute\n    self.error_handler.check_response(response)\n  File \"/Library/Frameworks/Python.framework/Versions/3.12/lib/python3.12/site-packages/selenium/webdriver/remote/errorhandler.py\", line 229, in check_response\n    raise exception_class(message, screen, stacktrace)\n"}, "start": 1721428751680, "stop": 1721428752784}], "parameters": [{"name": "web_drv", "value": "'chrome'"}], "start": 1721428750356, "stop": 1721428752795, "uuid": "bfe19b76-5e5d-496d-91b4-6e281d46dc4b", "historyId": "231785694f86342a6a2a8e179b6ebcfd", "testCaseId": "02254ccc869278a53e037f64b8f37c4a", "fullName": "tests.test_order_feed.TestSectionOrderFeed#test_increases_completed_for_all_time_counter", "labels": [{"name": "parentSuite", "value": "tests"}, {"name": "suite", "value": "test_order_feed"}, {"name": "subSuite", "value": "TestSectionOrderFeed"}, {"name": "host", "value": "NB-ISC-14346"}, {"name": "thread", "value": "90482-MainThread"}, {"name": "framework", "value": "pytest"}, {"name": "language", "value": "cpython3"}, {"name": "package", "value": "tests.test_order_feed"}]}