{"name": "Проверка отображения заказов пользователя из раздела 'История заказов' на странице 'Лента заказов'", "status": "broken", "statusDetails": {"message": "selenium.common.exceptions.ElementClickInterceptedException: Message: element click intercepted: Element <button type=\"button\" class=\"Modal_modal__close_modified__3V5XS Modal_modal__close__TnseK\">...</button> is not clickable at point (1202, 192). Other element would receive the click: <div class=\"Modal_modal_overlay__x2ZCr\"></div>\n  (Session info: chrome=126.0.6478.183)\nStacktrace:\n0   chromedriver                        0x0000000110482078 chromedriver + 5169272\n1   chromedriver                        0x0000000110479f4a chromedriver + 5136202\n2   chromedriver                        0x000000010fff636c chromedriver + 402284\n3   chromedriver                        0x000000011004a6b6 chromedriver + 747190\n4   chromedriver                        0x00000001100484e8 chromedriver + 738536\n5   chromedriver                        0x0000000110045ef7 chromedriver + 728823\n6   chromedriver                        0x0000000110044d12 chromedriver + 724242\n7   chromedriver                        0x0000000110038562 chromedriver + 673122\n8   chromedriver                        0x0000000110066ab2 chromedriver + 862898\n9   chromedriver                        0x0000000110037ed8 chromedriver + 671448\n10  chromedriver                        0x0000000110066c6e chromedriver + 863342\n11  chromedriver                        0x0000000110085f57 chromedriver + 991063\n12  chromedriver                        0x0000000110066853 chromedriver + 862291\n13  chromedriver                        0x00000001100365c6 chromedriver + 665030\n14  chromedriver                        0x0000000110036e4e chromedriver + 667214\n15  chromedriver                        0x0000000110444c90 chromedriver + 4918416\n16  chromedriver                        0x0000000110449c8d chromedriver + 4938893\n17  chromedriver                        0x000000011044a365 chromedriver + 4940645\n18  chromedriver                        0x0000000110425d74 chromedriver + 4791668\n19  chromedriver                        0x000000011044a659 chromedriver + 4941401\n20  chromedriver                        0x0000000110417544 chromedriver + 4732228\n21  chromedriver                        0x000000011046a828 chromedriver + 5072936\n22  chromedriver                        0x000000011046a9e7 chromedriver + 5073383\n23  chromedriver                        0x0000000110479afe chromedriver + 5135102\n24  libsystem_pthread.dylib             0x00007ff81337118b _pthread_start + 99\n25  libsystem_pthread.dylib             0x00007ff81336cae3 thread_start + 15", "trace": "request = <SubRequest 'order' for <Function test_displaying_orders_from_order_history[chrome]>>, user = {'email': 'devannette25@example.org', 'password': 'U*G6EsGz9N'}\nlogged = None, index_page = <pages.index_page.IndexPage object at 0x1069af230>\n\n    @pytest.fixture()\n    def order(request, user, logged, index_page):\n        orders_count = request.node.get_closest_marker('orders_count').args[0]\n        for _ in range(orders_count):\n>           create_order(index_page)\n\nconftest.py:111: \n_ _ _ _ _ _ _ _ _ _ _ _ _ _ _ _ _ _ _ _ _ _ _ _ _ _ _ _ _ _ _ _ _ _ _ _ _ _ _ _ _ _ _ _ _ _ _ _ _ _ _ _ _ _ _ _ _ _ _ _ _ _ _ _ _ _ _ _ _ _ _ _ _ _ _ _ _ _ _ _ _ _ _ _\nhelpers.py:5: in create_order\n    index_page.click_cross_button_in_popup_window()\npages/index_page.py:24: in click_cross_button_in_popup_window\n    self.click_by_element(IndexPageLocators.BUTTON_CROSS_IN_POPUP_WINDOW)\npages/base_page.py:27: in click_by_element\n    WDWait(self.web_drv, timeout).until(ec.element_to_be_clickable(locator)).click()\n/Library/Frameworks/Python.framework/Versions/3.12/lib/python3.12/site-packages/selenium/webdriver/remote/webelement.py:94: in click\n    self._execute(Command.CLICK_ELEMENT)\n/Library/Frameworks/Python.framework/Versions/3.12/lib/python3.12/site-packages/selenium/webdriver/remote/webelement.py:395: in _execute\n    return self._parent.execute(command, params)\n/Library/Frameworks/Python.framework/Versions/3.12/lib/python3.12/site-packages/selenium/webdriver/remote/webdriver.py:347: in execute\n    self.error_handler.check_response(response)\n_ _ _ _ _ _ _ _ _ _ _ _ _ _ _ _ _ _ _ _ _ _ _ _ _ _ _ _ _ _ _ _ _ _ _ _ _ _ _ _ _ _ _ _ _ _ _ _ _ _ _ _ _ _ _ _ _ _ _ _ _ _ _ _ _ _ _ _ _ _ _ _ _ _ _ _ _ _ _ _ _ _ _ _\n\nself = <selenium.webdriver.remote.errorhandler.ErrorHandler object at 0x1069d02c0>\nresponse = {'status': 400, 'value': '{\"value\":{\"error\":\"element click intercepted\",\"message\":\"element click intercepted: Element ...7ff81337118b _pthread_start + 99\\\\n25  libsystem_pthread.dylib             0x00007ff81336cae3 thread_start + 15\\\\n\"}}'}\n\n    def check_response(self, response: Dict[str, Any]) -> None:\n        \"\"\"Checks that a JSON response from the WebDriver does not have an\n        error.\n    \n        :Args:\n         - response - The JSON response from the WebDriver server as a dictionary\n           object.\n    \n        :Raises: If the response contains an error message.\n        \"\"\"\n        status = response.get(\"status\", None)\n        if not status or status == ErrorCode.SUCCESS:\n            return\n        value = None\n        message = response.get(\"message\", \"\")\n        screen: str = response.get(\"screen\", \"\")\n        stacktrace = None\n        if isinstance(status, int):\n            value_json = response.get(\"value\", None)\n            if value_json and isinstance(value_json, str):\n                import json\n    \n                try:\n                    value = json.loads(value_json)\n                    if len(value) == 1:\n                        value = value[\"value\"]\n                    status = value.get(\"error\", None)\n                    if not status:\n                        status = value.get(\"status\", ErrorCode.UNKNOWN_ERROR)\n                        message = value.get(\"value\") or value.get(\"message\")\n                        if not isinstance(message, str):\n                            value = message\n                            message = message.get(\"message\")\n                    else:\n                        message = value.get(\"message\", None)\n                except ValueError:\n                    pass\n    \n        exception_class: Type[WebDriverException]\n        e = ErrorCode()\n        error_codes = [item for item in dir(e) if not item.startswith(\"__\")]\n        for error_code in error_codes:\n            error_info = getattr(ErrorCode, error_code)\n            if isinstance(error_info, list) and status in error_info:\n                exception_class = getattr(ExceptionMapping, error_code, WebDriverException)\n                break\n        else:\n            exception_class = WebDriverException\n    \n        if not value:\n            value = response[\"value\"]\n        if isinstance(value, str):\n            raise exception_class(value)\n        if message == \"\" and \"message\" in value:\n            message = value[\"message\"]\n    \n        screen = None  # type: ignore[assignment]\n        if \"screen\" in value:\n            screen = value[\"screen\"]\n    \n        stacktrace = None\n        st_value = value.get(\"stackTrace\") or value.get(\"stacktrace\")\n        if st_value:\n            if isinstance(st_value, str):\n                stacktrace = st_value.split(\"\\n\")\n            else:\n                stacktrace = []\n                try:\n                    for frame in st_value:\n                        line = frame.get(\"lineNumber\", \"\")\n                        file = frame.get(\"fileName\", \"<anonymous>\")\n                        if line:\n                            file = f\"{file}:{line}\"\n                        meth = frame.get(\"methodName\", \"<anonymous>\")\n                        if \"className\" in frame:\n                            meth = f\"{frame['className']}.{meth}\"\n                        msg = \"    at %s (%s)\"\n                        msg = msg % (meth, file)\n                        stacktrace.append(msg)\n                except TypeError:\n                    pass\n        if exception_class == UnexpectedAlertPresentException:\n            alert_text = None\n            if \"data\" in value:\n                alert_text = value[\"data\"].get(\"text\")\n            elif \"alert\" in value:\n                alert_text = value[\"alert\"].get(\"text\")\n            raise exception_class(message, screen, stacktrace, alert_text)  # type: ignore[call-arg]  # mypy is not smart enough here\n>       raise exception_class(message, screen, stacktrace)\nE       selenium.common.exceptions.ElementClickInterceptedException: Message: element click intercepted: Element <button type=\"button\" class=\"Modal_modal__close_modified__3V5XS Modal_modal__close__TnseK\">...</button> is not clickable at point (1202, 192). Other element would receive the click: <div class=\"Modal_modal_overlay__x2ZCr\"></div>\nE         (Session info: chrome=126.0.6478.183)\nE       Stacktrace:\nE       0   chromedriver                        0x0000000110482078 chromedriver + 5169272\nE       1   chromedriver                        0x0000000110479f4a chromedriver + 5136202\nE       2   chromedriver                        0x000000010fff636c chromedriver + 402284\nE       3   chromedriver                        0x000000011004a6b6 chromedriver + 747190\nE       4   chromedriver                        0x00000001100484e8 chromedriver + 738536\nE       5   chromedriver                        0x0000000110045ef7 chromedriver + 728823\nE       6   chromedriver                        0x0000000110044d12 chromedriver + 724242\nE       7   chromedriver                        0x0000000110038562 chromedriver + 673122\nE       8   chromedriver                        0x0000000110066ab2 chromedriver + 862898\nE       9   chromedriver                        0x0000000110037ed8 chromedriver + 671448\nE       10  chromedriver                        0x0000000110066c6e chromedriver + 863342\nE       11  chromedriver                        0x0000000110085f57 chromedriver + 991063\nE       12  chromedriver                        0x0000000110066853 chromedriver + 862291\nE       13  chromedriver                        0x00000001100365c6 chromedriver + 665030\nE       14  chromedriver                        0x0000000110036e4e chromedriver + 667214\nE       15  chromedriver                        0x0000000110444c90 chromedriver + 4918416\nE       16  chromedriver                        0x0000000110449c8d chromedriver + 4938893\nE       17  chromedriver                        0x000000011044a365 chromedriver + 4940645\nE       18  chromedriver                        0x0000000110425d74 chromedriver + 4791668\nE       19  chromedriver                        0x000000011044a659 chromedriver + 4941401\nE       20  chromedriver                        0x0000000110417544 chromedriver + 4732228\nE       21  chromedriver                        0x000000011046a828 chromedriver + 5072936\nE       22  chromedriver                        0x000000011046a9e7 chromedriver + 5073383\nE       23  chromedriver                        0x0000000110479afe chromedriver + 5135102\nE       24  libsystem_pthread.dylib             0x00007ff81337118b _pthread_start + 99\nE       25  libsystem_pthread.dylib             0x00007ff81336cae3 thread_start + 15\n\n/Library/Frameworks/Python.framework/Versions/3.12/lib/python3.12/site-packages/selenium/webdriver/remote/errorhandler.py:229: ElementClickInterceptedException"}, "parameters": [{"name": "web_drv", "value": "'chrome'"}], "start": 1721429418328, "stop": 1721429418328, "uuid": "645c54cd-cc53-481c-80ab-813984c5084b", "historyId": "bebfb34cf79926e21632c20cbcd8ed94", "testCaseId": "5adbf43949590538d242d84170ec8c75", "fullName": "tests.test_order_feed.TestSectionOrderFeed#test_displaying_orders_from_order_history", "labels": [{"name": "tag", "value": "orders_count(2)"}, {"name": "parentSuite", "value": "tests"}, {"name": "suite", "value": "test_order_feed"}, {"name": "subSuite", "value": "TestSectionOrderFeed"}, {"name": "host", "value": "NB-ISC-14346"}, {"name": "thread", "value": "93737-MainThread"}, {"name": "framework", "value": "pytest"}, {"name": "language", "value": "cpython3"}, {"name": "package", "value": "tests.test_order_feed"}]}